# JRE version: OpenJDK Runtime Environment (11.0.11+9) (build 11.0.11+9-b60-7590822)
# Java VM: OpenJDK 64-Bit Server VM (11.0.11+9-b60-7590822, mixed mode, tiered, compressed oops, g1 gc, windows-amd64)
Heap:
 garbage-first heap   total 270336K, used 163437K [0x0000000080000000, 0x0000000100000000)
  region size 1024K, 18 young (18432K), 8 survivors (8192K)
 Metaspace       used 141192K, capacity 144826K, committed 145024K, reserved 1175552K
  class space    used 17559K, capacity 18807K, committed 18816K, reserved 1048576K
GC Heap History (20 events):
Event: 3081.911 GC heap before
{Heap before GC invocations=30 (full 0):
 garbage-first heap   total 270336K, used 200636K [0x0000000080000000, 0x0000000100000000)
  region size 1024K, 83 young (84992K), 7 survivors (7168K)
 Metaspace       used 102601K, capacity 105684K, committed 105984K, reserved 1140736K
  class space    used 12827K, capacity 13933K, committed 14080K, reserved 1048576K
}
Event: 3081.957 GC heap after
{Heap after GC invocations=31 (full 0):
 garbage-first heap   total 270336K, used 126550K [0x0000000080000000, 0x0000000100000000)
  region size 1024K, 6 young (6144K), 6 survivors (6144K)
 Metaspace       used 102601K, capacity 105684K, committed 105984K, reserved 1140736K
  class space    used 12827K, capacity 13933K, committed 14080K, reserved 1048576K
}
Event: 3084.888 GC heap before
{Heap before GC invocations=31 (full 0):
 garbage-first heap   total 270336K, used 219734K [0x0000000080000000, 0x0000000100000000)
  region size 1024K, 97 young (99328K), 6 survivors (6144K)
 Metaspace       used 113830K, capacity 116975K, committed 117248K, reserved 1150976K
  class space    used 14176K, capacity 15311K, committed 15360K, reserved 1048576K
}
Event: 3084.908 GC heap after
{Heap after GC invocations=32 (full 0):
 garbage-first heap   total 270336K, used 131373K [0x0000000080000000, 0x0000000100000000)
  region size 1024K, 11 young (11264K), 11 survivors (11264K)
 Metaspace       used 113830K, capacity 116975K, committed 117248K, reserved 1150976K
  class space    used 14176K, capacity 15311K, committed 15360K, reserved 1048576K
}
Event: 3086.987 GC heap before
{Heap before GC invocations=32 (full 0):
 garbage-first heap   total 270336K, used 221485K [0x0000000080000000, 0x0000000100000000)
  region size 1024K, 99 young (101376K), 11 survivors (11264K)
 Metaspace       used 119678K, capacity 122927K, committed 123136K, reserved 1157120K
  class space    used 15125K, capacity 16297K, committed 16384K, reserved 1048576K
}
Event: 3087.014 GC heap after
{Heap after GC invocations=33 (full 0):
 garbage-first heap   total 270336K, used 138677K [0x0000000080000000, 0x0000000100000000)
  region size 1024K, 13 young (13312K), 13 survivors (13312K)
 Metaspace       used 119678K, capacity 122927K, committed 123136K, reserved 1157120K
  class space    used 15125K, capacity 16297K, committed 16384K, reserved 1048576K
}
Event: 3089.461 GC heap before
{Heap before GC invocations=33 (full 0):
 garbage-first heap   total 270336K, used 220597K [0x0000000080000000, 0x0000000100000000)
  region size 1024K, 94 young (96256K), 13 survivors (13312K)
 Metaspace       used 125768K, capacity 129121K, committed 129280K, reserved 1161216K
  class space    used 15854K, capacity 17052K, committed 17152K, reserved 1048576K
}
Event: 3089.531 GC heap after
{Heap after GC invocations=34 (full 0):
 garbage-first heap   total 270336K, used 146432K [0x0000000080000000, 0x0000000100000000)
  region size 1024K, 8 young (8192K), 8 survivors (8192K)
 Metaspace       used 125768K, capacity 129121K, committed 129280K, reserved 1161216K
  class space    used 15854K, capacity 17052K, committed 17152K, reserved 1048576K
}
Event: 3091.113 GC heap before
{Heap before GC invocations=35 (full 0):
 garbage-first heap   total 270336K, used 222208K [0x0000000080000000, 0x0000000100000000)
  region size 1024K, 83 young (84992K), 8 survivors (8192K)
 Metaspace       used 125411K, capacity 128450K, committed 129536K, reserved 1161216K
  class space    used 15735K, capacity 16808K, committed 17152K, reserved 1048576K
}
Event: 3091.147 GC heap after
{Heap after GC invocations=36 (full 0):
 garbage-first heap   total 270336K, used 154006K [0x0000000080000000, 0x0000000100000000)
  region size 1024K, 8 young (8192K), 8 survivors (8192K)
 Metaspace       used 125411K, capacity 128450K, committed 129536K, reserved 1161216K
  class space    used 15735K, capacity 16808K, committed 17152K, reserved 1048576K
}
Event: 3091.219 GC heap before
{Heap before GC invocations=36 (full 0):
 garbage-first heap   total 270336K, used 158102K [0x0000000080000000, 0x0000000100000000)
  region size 1024K, 13 young (13312K), 8 survivors (8192K)
 Metaspace       used 125411K, capacity 128450K, committed 129536K, reserved 1161216K
  class space    used 15735K, capacity 16808K, committed 17152K, reserved 1048576K
}
Event: 3091.275 GC heap after
{Heap after GC invocations=37 (full 0):
 garbage-first heap   total 270336K, used 143718K [0x0000000080000000, 0x0000000100000000)
  region size 1024K, 2 young (2048K), 2 survivors (2048K)
 Metaspace       used 125411K, capacity 128450K, committed 129536K, reserved 1161216K
  class space    used 15735K, capacity 16808K, committed 17152K, reserved 1048576K
}
Event: 3093.540 GC heap before
{Heap before GC invocations=37 (full 0):
 garbage-first heap   total 270336K, used 220518K [0x0000000080000000, 0x0000000100000000)
  region size 1024K, 78 young (79872K), 2 survivors (2048K)
 Metaspace       used 129052K, capacity 132212K, committed 132736K, reserved 1165312K
  class space    used 16257K, capacity 17414K, committed 17536K, reserved 1048576K
}
Event: 3093.556 GC heap after
{Heap after GC invocations=38 (full 0):
 garbage-first heap   total 270336K, used 148797K [0x0000000080000000, 0x0000000100000000)
  region size 1024K, 7 young (7168K), 7 survivors (7168K)
 Metaspace       used 129052K, capacity 132212K, committed 132736K, reserved 1165312K
  class space    used 16257K, capacity 17414K, committed 17536K, reserved 1048576K
}
Event: 4514.860 GC heap before
{Heap before GC invocations=39 (full 0):
 garbage-first heap   total 270336K, used 222525K [0x0000000080000000, 0x0000000100000000)
  region size 1024K, 80 young (81920K), 7 survivors (7168K)
 Metaspace       used 132509K, capacity 135831K, committed 136064K, reserved 1167360K
  class space    used 16531K, capacity 17721K, committed 17792K, reserved 1048576K
}
Event: 4514.879 GC heap after
{Heap after GC invocations=40 (full 0):
 garbage-first heap   total 270336K, used 152139K [0x0000000080000000, 0x0000000100000000)
  region size 1024K, 4 young (4096K), 4 survivors (4096K)
 Metaspace       used 132509K, capacity 135831K, committed 136064K, reserved 1167360K
  class space    used 16531K, capacity 17721K, committed 17792K, reserved 1048576K
}
Event: 4756.736 GC heap before
{Heap before GC invocations=40 (full 0):
 garbage-first heap   total 270336K, used 160331K [0x0000000080000000, 0x0000000100000000)
  region size 1024K, 13 young (13312K), 4 survivors (4096K)
 Metaspace       used 132606K, capacity 135898K, committed 136064K, reserved 1167360K
  class space    used 16551K, capacity 17739K, committed 17792K, reserved 1048576K
}
Event: 4756.761 GC heap after
{Heap after GC invocations=41 (full 0):
 garbage-first heap   total 270336K, used 148157K [0x0000000080000000, 0x0000000100000000)
  region size 1024K, 2 young (2048K), 2 survivors (2048K)
 Metaspace       used 132606K, capacity 135898K, committed 136064K, reserved 1167360K
  class space    used 16551K, capacity 17739K, committed 17792K, reserved 1048576K
}
Event: 4758.560 GC heap before
{Heap before GC invocations=41 (full 0):
 garbage-first heap   total 270336K, used 222909K [0x0000000080000000, 0x0000000100000000)
  region size 1024K, 76 young (77824K), 2 survivors (2048K)
 Metaspace       used 140185K, capacity 143827K, committed 144000K, reserved 1175552K
  class space    used 17433K, capacity 18710K, committed 18816K, reserved 1048576K
}
Event: 4758.587 GC heap after
{Heap after GC invocations=42 (full 0):
 garbage-first heap   total 270336K, used 154221K [0x0000000080000000, 0x0000000100000000)
  region size 1024K, 8 young (8192K), 8 survivors (8192K)
 Metaspace       used 140185K, capacity 143827K, committed 144000K, reserved 1175552K
  class space    used 17433K, capacity 18710K, committed 18816K, reserved 1048576K
}

